<?xml version="1.0" encoding="UTF-8"?>
<!-- Generated by org.testng.reporters.JUnitReportReporter -->
<testsuite hostname="parinder-TP550LAB" name="SOAP.EmpPortal" tests="1" failures="0" timestamp="7 Nov 2018 19:50:06 GMT" time="4.178" errors="0">
  <testcase name="emp" time="4.178" classname="SOAP.EmpPortal"/>
</testsuite> <!-- SOAP.EmpPortal -->
