<?xml version="1.0" encoding="UTF-8"?>
<!-- Generated by org.testng.reporters.JUnitReportReporter -->
<testsuite hostname="parinder-TP550LAB" name="REST.libraryApi" tests="1" failures="0" timestamp="7 Nov 2018 19:50:06 GMT" time="1.551" errors="0">
  <testcase name="lib" time="1.551" classname="REST.libraryApi"/>
</testsuite> <!-- REST.libraryApi -->
